2020.11.11 10:11:18 INFO  Started: Metals version 0.9.5 in workspace 'E:\Side Projects\ParticleSim\Particle-Simulator\src\main\scala' for client vscode.
2020.11.11 10:11:18 INFO  time: initialize in 0.58s
2020.11.11 10:11:19 WARN  Build server is not auto-connectable.
2020.11.11 10:11:19 WARN  no build tool detected in workspace 'E:\Side Projects\ParticleSim\Particle-Simulator\src\main\scala'. The most common cause for this problem is that the editor was opened in the wrong working directory, for example if you use sbt then the workspace directory should contain build.sbt. 
2020.11.11 10:11:19 WARN  no build target for: E:\Side Projects\ParticleSim\Particle-Simulator\src\main\scala\Vect.scala
2020.11.11 10:11:19 WARN  no build target for: E:\Side Projects\ParticleSim\Particle-Simulator\src\main\scala\PSystem.scala
2020.11.11 10:11:19 WARN  no build target for: E:\Side Projects\ParticleSim\Particle-Simulator\src\main\scala\PGravSystem.scala
2020.11.11 10:11:19 WARN  no build target for: E:\Side Projects\ParticleSim\Particle-Simulator\src\main\scala\Particle.scala
2020.11.11 10:11:19 WARN  no build target for: E:\Side Projects\ParticleSim\Particle-Simulator\src\main\scala\Main.scala
2020.11.11 10:11:21 INFO  no build target: using presentation compiler with only scala-library
2020.11.11 10:12:02 WARN  no build target for: E:\Side Projects\OldRayTracerScala\raytracer\Grid.scala
2020.11.11 10:12:07 WARN  no build target for: E:\Side Projects\OldRayTracerScala\raytracer\Ray.scala
2020.11.11 10:19:42 WARN  no build target for: E:\Side Projects\ParticleSim\Particle-Simulator\src\main\scala\Vect.scala
2020.11.11 10:20:00 WARN  no build target for: E:\Side Projects\ParticleSim\Particle-Simulator\src\main\scala\Vect.scala
2020.11.11 10:20:14 WARN  no build target for: E:\Side Projects\ParticleSim\Particle-Simulator\src\main\scala\Vect.scala
2020.11.11 10:20:43 WARN  no build target for: E:\Side Projects\OldRayTracerScala\raytracer\rayTracer.scala
2020.11.11 10:20:54 WARN  no build target for: E:\Side Projects\OldRayTracerScala\raytracer\TracingBranch.scala
2020.11.11 10:21:33 WARN  no build target for: E:\Side Projects\ParticleSim\Particle-Simulator\src\main\scala\PSystem.scala
2020.11.11 10:28:01 WARN  no build tool detected in workspace 'E:\Side Projects\ParticleSim\Particle-Simulator\src\main\scala'. The most common cause for this problem is that the editor was opened in the wrong working directory, for example if you use sbt then the workspace directory should contain build.sbt. 
2020.11.11 10:28:04 WARN  no build tool detected in workspace 'E:\Side Projects\ParticleSim\Particle-Simulator\src\main\scala'. The most common cause for this problem is that the editor was opened in the wrong working directory, for example if you use sbt then the workspace directory should contain build.sbt. 
2020.11.11 10:28:04 WARN  no build target for: E:\Side Projects\ParticleSim\Particle-Simulator\src\main\scala\PSystem.scala
2020.11.11 10:28:36 WARN  no build tool detected in workspace 'E:\Side Projects\ParticleSim\Particle-Simulator\src\main\scala'. The most common cause for this problem is that the editor was opened in the wrong working directory, for example if you use sbt then the workspace directory should contain build.sbt. 
2020.11.11 10:28:41 WARN  no build tool detected in workspace 'E:\Side Projects\ParticleSim\Particle-Simulator\src\main\scala'. The most common cause for this problem is that the editor was opened in the wrong working directory, for example if you use sbt then the workspace directory should contain build.sbt. 
2020.11.11 10:28:41 WARN  no build target for: E:\Side Projects\ParticleSim\Particle-Simulator\src\main\scala\PSystem.scala
2020.11.11 10:28:41 WARN  no build tool detected in workspace 'E:\Side Projects\ParticleSim\Particle-Simulator\src\main\scala'. The most common cause for this problem is that the editor was opened in the wrong working directory, for example if you use sbt then the workspace directory should contain build.sbt. 
2020.11.11 10:29:03 WARN  no build target for: E:\Side Projects\ParticleSim\Particle-Simulator\src\main\scala\PSystem.scala
2020.11.11 10:29:07 WARN  no build target for: E:\Side Projects\ParticleSim\Particle-Simulator\src\main\scala\PSystem.scala
2020.11.11 10:29:16 WARN  no build target for: E:\Side Projects\ParticleSim\Particle-Simulator\src\main\scala\PSystem.scala
2020.11.11 10:29:19 WARN  no build target for: E:\Side Projects\ParticleSim\Particle-Simulator\src\main\scala\PSystem.scala
2020.11.11 10:29:31 WARN  no build target for: E:\Side Projects\ParticleSim\Particle-Simulator\src\main\scala\PSystem.scala
2020.11.11 10:30:18 WARN  no build target for: E:\Side Projects\ParticleSim\Particle-Simulator\src\main\scala\PSystem.scala
2020.11.11 10:31:35 WARN  no build target for: E:\Side Projects\ParticleSim\Particle-Simulator\src\main\scala\PSystem.scala
2020.11.11 10:31:41 WARN  no build target for: E:\Side Projects\ParticleSim\Particle-Simulator\src\main\scala\PSystem.scala
2020.11.11 10:31:59 WARN  no build target for: E:\Side Projects\ParticleSim\Particle-Simulator\src\main\scala\PSystem.scala
2020.11.11 10:32:14 WARN  no build target for: E:\Side Projects\ParticleSim\Particle-Simulator\src\main\scala\PSystem.scala
2020.11.11 10:32:17 WARN  no build target for: E:\Side Projects\ParticleSim\Particle-Simulator\src\main\scala\PSystem.scala
2020.11.11 10:32:57 WARN  no build target for: E:\Side Projects\ParticleSim\Particle-Simulator\src\main\scala\PSystem.scala
2020.11.11 10:33:02 WARN  no build target for: E:\Side Projects\ParticleSim\Particle-Simulator\src\main\scala\PSystem.scala
2020.11.11 10:33:17 WARN  no build target for: E:\Side Projects\ParticleSim\Particle-Simulator\src\main\scala\PSystem.scala
2020.11.11 10:33:36 WARN  no build target for: E:\Side Projects\ParticleSim\Particle-Simulator\src\main\scala\PSystem.scala
2020.11.11 10:34:00 WARN  no build target for: E:\Side Projects\ParticleSim\Particle-Simulator\src\main\scala\PSystem.scala
2020.11.11 10:34:43 WARN  no build target for: E:\Side Projects\ParticleSim\Particle-Simulator\src\main\scala\PSystem.scala
2020.11.11 10:35:19 WARN  no build target for: E:\Side Projects\ParticleSim\Particle-Simulator\src\main\scala\PSystem.scala
2020.11.11 10:35:38 WARN  no build target for: E:\Side Projects\ParticleSim\Particle-Simulator\src\main\scala\PSystem.scala
2020.11.11 10:35:40 WARN  no build target for: E:\Side Projects\ParticleSim\Particle-Simulator\src\main\scala\PSystem.scala
2020.11.11 10:36:11 WARN  no build target for: E:\Side Projects\OldRayTracerScala\raytracer\Grid.scala
2020.11.11 10:37:50 WARN  no build target for: E:\Side Projects\ParticleSim\Particle-Simulator\src\main\scala\PSystem.scala
2020.11.11 10:39:16 WARN  no build target for: E:\Side Projects\ParticleSim\Particle-Simulator\src\main\scala\PSystem.scala
2020.11.11 10:40:46 WARN  no build target for: E:\Side Projects\ParticleSim\Particle-Simulator\src\main\scala\PSystem.scala
2020.11.11 10:41:05 WARN  no build target for: E:\Side Projects\ParticleSim\Particle-Simulator\src\main\scala\PSystem.scala
2020.11.11 10:41:11 WARN  no build target for: E:\Side Projects\ParticleSim\Particle-Simulator\src\main\scala\PSystem.scala
2020.11.11 10:41:42 WARN  no build target for: E:\Side Projects\OldRayTracerScala\raytracer\Vect.scala
2020.11.11 10:41:57 WARN  no build tool detected in workspace 'E:\Side Projects\ParticleSim\Particle-Simulator\src\main\scala'. The most common cause for this problem is that the editor was opened in the wrong working directory, for example if you use sbt then the workspace directory should contain build.sbt. 
2020.11.11 10:42:20 WARN  no build target for: E:\Side Projects\ParticleSim\Particle-Simulator\src\main\scala\PSystem.scala
2020.11.11 10:42:30 WARN  no build target for: E:\Side Projects\ParticleSim\Particle-Simulator\src\main\scala\PSystem.scala
2020.11.11 10:43:27 WARN  no build target for: E:\Side Projects\ParticleSim\Particle-Simulator\src\main\scala\Ray.scala
2020.11.11 10:43:29 WARN  no build target for: E:\Side Projects\ParticleSim\Particle-Simulator\src\main\scala\Ray.scala
2020.11.11 10:43:32 WARN  no build tool detected in workspace 'E:\Side Projects\ParticleSim\Particle-Simulator\src\main\scala'. The most common cause for this problem is that the editor was opened in the wrong working directory, for example if you use sbt then the workspace directory should contain build.sbt. 
2020.11.11 10:43:34 WARN  no build target for: E:\Side Projects\ParticleSim\Particle-Simulator\src\main\scala\Ray.scala
2020.11.11 10:44:00 WARN  no build target for: E:\Side Projects\ParticleSim\Particle-Simulator\src\main\scala\Ray.scala
2020.11.11 10:44:16 WARN  no build target for: E:\Side Projects\ParticleSim\Particle-Simulator\src\main\scala\Ray.scala
2020.11.11 10:44:20 WARN  no build target for: E:\Side Projects\ParticleSim\Particle-Simulator\src\main\scala\Ray.scala
2020.11.11 10:44:50 WARN  no build target for: E:\Side Projects\ParticleSim\Particle-Simulator\src\main\scala\Ray.scala
2020.11.11 10:45:00 WARN  no build target for: E:\Side Projects\ParticleSim\Particle-Simulator\src\main\scala\Ray.scala
2020.11.11 10:46:21 WARN  no build target for: E:\Side Projects\OldRayTracerScala\raytracer\Ray.scala
2020.11.11 10:46:31 WARN  no build target for: E:\Side Projects\OldRayTracerScala\raytracer\Vect.scala
Nov 11, 2020 10:47:03 AM scala.meta.internal.pc.CompilerAccess retryWithCleanCompiler
INFO: compiler crashed due to an error in the Scala compiler, retrying with new compiler instance.
Nov 11, 2020 10:47:03 AM scala.meta.internal.pc.CompilerAccess handleError
SEVERE: null
java.lang.NullPointerException
	at scala.reflect.internal.Definitions$DefinitionsClass.isByNameParamType(Definitions.scala:417)
	at scala.reflect.internal.TreeInfo.isStableIdent(TreeInfo.scala:138)
	at scala.reflect.internal.TreeInfo.isStableIdentifier(TreeInfo.scala:113)
	at scala.reflect.internal.TreeInfo.isPath(TreeInfo.scala:102)
	at scala.reflect.internal.TreeInfo.admitsTypeSelection(TreeInfo.scala:156)
	at scala.tools.nsc.interactive.Global.stabilizedType(Global.scala:959)
	at scala.tools.nsc.interactive.Global.typedTreeAt(Global.scala:807)
	at scala.meta.internal.pc.SignatureHelpProvider.signatureHelp(SignatureHelpProvider.scala:23)

2020.11.11 10:47:35 WARN  no build target for: E:\Side Projects\ParticleSim\Particle-Simulator\src\main\scala\Vect.scala
2020.11.11 10:47:39 WARN  no build target for: E:\Side Projects\ParticleSim\Particle-Simulator\src\main\scala\Vect.scala
2020.11.11 10:48:36 WARN  no build target for: E:\Side Projects\ParticleSim\Particle-Simulator\src\main\scala\Vect.scala
2020.11.11 10:48:37 WARN  no build target for: E:\Side Projects\ParticleSim\Particle-Simulator\src\main\scala\Vect.scala
2020.11.11 10:49:05 WARN  no build target for: E:\Side Projects\ParticleSim\Particle-Simulator\src\main\scala\Ray.scala
2020.11.11 10:49:50 WARN  no build target for: E:\Side Projects\OldRayTracerScala\raytracer\Shape.scala
2020.11.11 10:50:26 WARN  no build target for: E:\Side Projects\ParticleSim\Particle-Simulator\src\main\scala\Ray.scala
2020.11.11 10:51:00 WARN  no build target for: E:\Side Projects\ParticleSim\Particle-Simulator\src\main\scala\Particle.scala
2020.11.11 10:51:12 WARN  no build target for: E:\Side Projects\ParticleSim\Particle-Simulator\src\main\scala\Ray.scala
2020.11.11 10:52:18 WARN  no build target for: E:\Side Projects\ParticleSim\Particle-Simulator\src\main\scala\Ray.scala
2020.11.11 10:52:18 WARN  no build tool detected in workspace 'E:\Side Projects\ParticleSim\Particle-Simulator\src\main\scala'. The most common cause for this problem is that the editor was opened in the wrong working directory, for example if you use sbt then the workspace directory should contain build.sbt. 
2020.11.11 10:52:30 WARN  no build target for: E:\Side Projects\ParticleSim\Particle-Simulator\src\main\scala\Ray.scala
2020.11.11 10:52:46 WARN  no build target for: E:\Side Projects\ParticleSim\Particle-Simulator\src\main\scala\Ray.scala
2020.11.11 10:53:03 WARN  no build target for: E:\Side Projects\ParticleSim\Particle-Simulator\src\main\scala\Ray.scala
2020.11.11 10:53:58 WARN  no build target for: E:\Side Projects\ParticleSim\Particle-Simulator\src\main\scala\Ray.scala
Nov 11, 2020 10:54:24 AM org.eclipse.lsp4j.jsonrpc.RemoteEndpoint handleCancellation
WARNING: Unmatched cancel notification for request id 3631
2020.11.11 10:55:09 WARN  no build target for: E:\Side Projects\ParticleSim\Particle-Simulator\src\main\scala\Ray.scala
2020.11.11 10:55:46 WARN  no build target for: E:\Side Projects\ParticleSim\Particle-Simulator\src\main\scala\Ray.scala
2020.11.11 10:55:57 WARN  no build target for: E:\Side Projects\ParticleSim\Particle-Simulator\src\main\scala\Ray.scala
2020.11.11 10:55:57 WARN  no build tool detected in workspace 'E:\Side Projects\ParticleSim\Particle-Simulator\src\main\scala'. The most common cause for this problem is that the editor was opened in the wrong working directory, for example if you use sbt then the workspace directory should contain build.sbt. 
2020.11.11 10:56:12 WARN  no build target for: E:\Side Projects\ParticleSim\Particle-Simulator\src\main\scala\Ray.scala
2020.11.11 10:56:50 WARN  no build target for: E:\Side Projects\ParticleSim\Particle-Simulator\src\main\scala\Ray.scala
2020.11.11 10:57:54 WARN  no build target for: E:\Side Projects\ParticleSim\Particle-Simulator\src\main\scala\PSystem.scala
2020.11.11 10:58:00 WARN  no build tool detected in workspace 'E:\Side Projects\ParticleSim\Particle-Simulator\src\main\scala'. The most common cause for this problem is that the editor was opened in the wrong working directory, for example if you use sbt then the workspace directory should contain build.sbt. 
2020.11.11 10:58:29 WARN  no build tool detected in workspace 'E:\Side Projects\ParticleSim\Particle-Simulator\src\main\scala'. The most common cause for this problem is that the editor was opened in the wrong working directory, for example if you use sbt then the workspace directory should contain build.sbt. 
2020.11.11 10:58:48 WARN  no build tool detected in workspace 'E:\Side Projects\ParticleSim\Particle-Simulator\src\main\scala'. The most common cause for this problem is that the editor was opened in the wrong working directory, for example if you use sbt then the workspace directory should contain build.sbt. 
2020.11.11 10:58:48 WARN  no build tool detected in workspace 'E:\Side Projects\ParticleSim\Particle-Simulator\src\main\scala'. The most common cause for this problem is that the editor was opened in the wrong working directory, for example if you use sbt then the workspace directory should contain build.sbt. 
2020.11.11 10:58:48 WARN  no build target for: E:\Side Projects\ParticleSim\Particle-Simulator\src\main\scala\PSystem.scala
2020.11.11 10:58:48 WARN  no build tool detected in workspace 'E:\Side Projects\ParticleSim\Particle-Simulator\src\main\scala'. The most common cause for this problem is that the editor was opened in the wrong working directory, for example if you use sbt then the workspace directory should contain build.sbt. 
2020.11.11 10:58:48 WARN  no build tool detected in workspace 'E:\Side Projects\ParticleSim\Particle-Simulator\src\main\scala'. The most common cause for this problem is that the editor was opened in the wrong working directory, for example if you use sbt then the workspace directory should contain build.sbt. 
2020.11.11 10:58:57 WARN  no build tool detected in workspace 'E:\Side Projects\ParticleSim\Particle-Simulator\src\main\scala'. The most common cause for this problem is that the editor was opened in the wrong working directory, for example if you use sbt then the workspace directory should contain build.sbt. 
2020.11.11 10:58:59 WARN  no build target for: E:\Side Projects\ParticleSim\Particle-Simulator\src\main\scala\PSystem.scala
2020.11.11 10:59:00 WARN  no build target for: E:\Side Projects\ParticleSim\Particle-Simulator\src\main\scala\PSystem.scala
2020.11.11 11:00:09 WARN  no build target for: E:\Side Projects\ParticleSim\Particle-Simulator\src\main\scala\PSystem.scala
2020.11.11 11:00:13 WARN  no build target for: E:\Side Projects\ParticleSim\Particle-Simulator\src\main\scala\PSystem.scala
2020.11.11 11:01:16 WARN  no build target for: E:\Side Projects\ParticleSim\Particle-Simulator\src\main\scala\Main.scala
2020.11.11 11:01:18 WARN  no build target for: E:\Side Projects\ParticleSim\Particle-Simulator\src\main\scala\Main.scala
2020.11.11 11:01:48 WARN  no build target for: E:\Side Projects\ParticleSim\Particle-Simulator\src\main\scala\Main.scala
2020.11.11 11:01:52 WARN  no build target for: E:\Side Projects\ParticleSim\Particle-Simulator\src\main\scala\Main.scala
2020.11.11 11:02:52 WARN  no build tool detected in workspace 'E:\Side Projects\ParticleSim\Particle-Simulator\src\main\scala'. The most common cause for this problem is that the editor was opened in the wrong working directory, for example if you use sbt then the workspace directory should contain build.sbt. 
2020.11.11 11:03:39 WARN  no build target for: E:\Side Projects\ParticleSim\Particle-Simulator\src\main\scala\Main.scala
2020.11.11 11:03:56 WARN  no build target for: E:\Side Projects\ParticleSim\Particle-Simulator\src\main\scala\Main.scala
2020.11.11 11:04:03 WARN  no build tool detected in workspace 'E:\Side Projects\ParticleSim\Particle-Simulator\src\main\scala'. The most common cause for this problem is that the editor was opened in the wrong working directory, for example if you use sbt then the workspace directory should contain build.sbt. 
2020.11.11 11:04:03 WARN  no build tool detected in workspace 'E:\Side Projects\ParticleSim\Particle-Simulator\src\main\scala'. The most common cause for this problem is that the editor was opened in the wrong working directory, for example if you use sbt then the workspace directory should contain build.sbt. 
2020.11.11 11:04:03 WARN  no build target for: E:\Side Projects\ParticleSim\Particle-Simulator\src\main\scala\Main.scala
2020.11.11 11:05:15 WARN  no build target for: E:\Side Projects\ParticleSim\Particle-Simulator\src\main\scala\PSystem.scala
2020.11.11 11:05:49 WARN  no build target for: E:\Side Projects\ParticleSim\Particle-Simulator\src\main\scala\PSystem.scala
2020.11.11 11:06:00 WARN  no build target for: E:\Side Projects\ParticleSim\Particle-Simulator\src\main\scala\PSystem.scala
2020.11.11 11:06:39 WARN  no build target for: E:\Side Projects\ParticleSim\Particle-Simulator\src\main\scala\PSystem.scala
2020.11.11 11:06:55 WARN  no build target for: E:\Side Projects\ParticleSim\Particle-Simulator\src\main\scala\PSystem.scala
2020.11.11 11:07:19 WARN  no build target for: E:\Side Projects\ParticleSim\Particle-Simulator\src\main\scala\PSystem.scala
2020.11.11 11:08:06 WARN  no build target for: E:\Side Projects\ParticleSim\Particle-Simulator\src\main\scala\Main.scala
2020.11.11 11:08:06 WARN  no build tool detected in workspace 'E:\Side Projects\ParticleSim\Particle-Simulator\src\main\scala'. The most common cause for this problem is that the editor was opened in the wrong working directory, for example if you use sbt then the workspace directory should contain build.sbt. 
2020.11.11 11:08:06 WARN  no build tool detected in workspace 'E:\Side Projects\ParticleSim\Particle-Simulator\src\main\scala'. The most common cause for this problem is that the editor was opened in the wrong working directory, for example if you use sbt then the workspace directory should contain build.sbt. 
2020.11.11 11:08:26 WARN  no build target for: E:\Side Projects\ParticleSim\Particle-Simulator\src\main\scala\Main.scala
2020.11.11 11:08:58 WARN  no build target for: E:\Side Projects\ParticleSim\Particle-Simulator\src\main\scala\Main.scala
2020.11.11 11:10:01 WARN  no build tool detected in workspace 'E:\Side Projects\ParticleSim\Particle-Simulator\src\main\scala'. The most common cause for this problem is that the editor was opened in the wrong working directory, for example if you use sbt then the workspace directory should contain build.sbt. 
2020.11.11 11:10:01 WARN  no build tool detected in workspace 'E:\Side Projects\ParticleSim\Particle-Simulator\src\main\scala'. The most common cause for this problem is that the editor was opened in the wrong working directory, for example if you use sbt then the workspace directory should contain build.sbt. 
2020.11.11 11:10:06 WARN  no build target for: E:\Side Projects\ParticleSim\Particle-Simulator\src\main\scala\Main.scala
2020.11.11 11:10:19 WARN  no build target for: E:\Side Projects\ParticleSim\Particle-Simulator\src\main\scala\Main.scala
2020.11.11 11:10:36 WARN  no build tool detected in workspace 'E:\Side Projects\ParticleSim\Particle-Simulator\src\main\scala'. The most common cause for this problem is that the editor was opened in the wrong working directory, for example if you use sbt then the workspace directory should contain build.sbt. 
2020.11.11 11:10:43 WARN  no build tool detected in workspace 'E:\Side Projects\ParticleSim\Particle-Simulator\src\main\scala'. The most common cause for this problem is that the editor was opened in the wrong working directory, for example if you use sbt then the workspace directory should contain build.sbt. 
2020.11.11 11:10:43 WARN  no build target for: E:\Side Projects\ParticleSim\Particle-Simulator\src\main\scala\Main.scala
2020.11.11 11:10:51 WARN  no build target for: E:\Side Projects\ParticleSim\Particle-Simulator\src\main\scala\Main.scala
2020.11.11 11:10:57 WARN  no build tool detected in workspace 'E:\Side Projects\ParticleSim\Particle-Simulator\src\main\scala'. The most common cause for this problem is that the editor was opened in the wrong working directory, for example if you use sbt then the workspace directory should contain build.sbt. 
2020.11.11 11:11:00 WARN  no build target for: E:\Side Projects\ParticleSim\Particle-Simulator\src\main\scala\Main.scala
2020.11.11 11:11:42 WARN  no build target for: E:\Side Projects\ParticleSim\Particle-Simulator\src\main\scala\Main.scala
2020.11.11 11:12:16 WARN  no build target for: E:\Side Projects\ParticleSim\Particle-Simulator\src\main\scala\Main.scala
2020.11.11 11:12:38 WARN  no build target for: E:\Side Projects\ParticleSim\Particle-Simulator\src\main\scala\Main.scala
2020.11.11 11:13:03 WARN  no build target for: E:\Side Projects\ParticleSim\Particle-Simulator\src\main\scala\Main.scala
2020.11.11 11:13:25 WARN  no build target for: E:\Side Projects\ParticleSim\Particle-Simulator\src\main\scala\Main.scala
2020.11.11 11:13:32 WARN  no build tool detected in workspace 'E:\Side Projects\ParticleSim\Particle-Simulator\src\main\scala'. The most common cause for this problem is that the editor was opened in the wrong working directory, for example if you use sbt then the workspace directory should contain build.sbt. 
2020.11.11 11:13:32 WARN  no build target for: E:\Side Projects\ParticleSim\Particle-Simulator\src\main\scala\Main.scala
2020.11.11 11:13:32 WARN  no build tool detected in workspace 'E:\Side Projects\ParticleSim\Particle-Simulator\src\main\scala'. The most common cause for this problem is that the editor was opened in the wrong working directory, for example if you use sbt then the workspace directory should contain build.sbt. 
Nov 11, 2020 11:13:35 AM scala.meta.internal.pc.CompilerAccess handleError
SEVERE: null
java.lang.NullPointerException
	at scala.meta.internal.pc.completions.ArgCompletions$ArgCompletion.$anonfun$baseParams$1(ArgCompletions.scala:26)
	at scala.Option.getOrElse(Option.scala:189)
	at scala.meta.internal.pc.completions.ArgCompletions$ArgCompletion.baseParams$lzycompute(ArgCompletions.scala:26)
	at scala.meta.internal.pc.completions.ArgCompletions$ArgCompletion.baseParams(ArgCompletions.scala:22)
	at scala.meta.internal.pc.completions.ArgCompletions$ArgCompletion.allParams$lzycompute(ArgCompletions.scala:40)
	at scala.meta.internal.pc.completions.ArgCompletions$ArgCompletion.allParams(ArgCompletions.scala:39)
	at scala.meta.internal.pc.completions.ArgCompletions$ArgCompletion.params$lzycompute(ArgCompletions.scala:46)
	at scala.meta.internal.pc.completions.ArgCompletions$ArgCompletion.params(ArgCompletions.scala:45)
	at scala.meta.internal.pc.completions.ArgCompletions$ArgCompletion.contribute(ArgCompletions.scala:157)
	at scala.meta.internal.pc.CompletionProvider.expected$1(CompletionProvider.scala:389)
	at scala.meta.internal.pc.CompletionProvider.safeCompletionsAt(CompletionProvider.scala:468)
	at scala.meta.internal.pc.CompletionProvider.completions(CompletionProvider.scala:57)

2020.11.11 11:13:37 WARN  no build target for: E:\Side Projects\ParticleSim\Particle-Simulator\src\main\scala\Main.scala
Nov 11, 2020 11:13:49 AM scala.meta.internal.pc.CompletionProvider expected$1
WARNING: null
Nov 11, 2020 11:13:56 AM scala.meta.internal.pc.CompletionProvider expected$1
WARNING: null
2020.11.11 11:13:59 WARN  no build target for: E:\Side Projects\ParticleSim\Particle-Simulator\src\main\scala\Main.scala
2020.11.11 11:14:32 WARN  no build tool detected in workspace 'E:\Side Projects\ParticleSim\Particle-Simulator\src\main\scala'. The most common cause for this problem is that the editor was opened in the wrong working directory, for example if you use sbt then the workspace directory should contain build.sbt. 
2020.11.11 11:14:32 WARN  no build tool detected in workspace 'E:\Side Projects\ParticleSim\Particle-Simulator\src\main\scala'. The most common cause for this problem is that the editor was opened in the wrong working directory, for example if you use sbt then the workspace directory should contain build.sbt. 
2020.11.11 11:14:40 WARN  no build target for: E:\Side Projects\ParticleSim\Particle-Simulator\src\main\scala\Main.scala
2020.11.11 11:15:30 WARN  no build target for: E:\Side Projects\ParticleSim\Particle-Simulator\src\main\scala\Main.scala
2020.11.11 11:15:55 WARN  no build target for: E:\Side Projects\ParticleSim\Particle-Simulator\src\main\scala\Main.scala
2020.11.11 11:16:10 WARN  no build target for: E:\Side Projects\ParticleSim\Particle-Simulator\src\main\scala\Main.scala
2020.11.11 11:16:17 WARN  no build target for: E:\Side Projects\ParticleSim\Particle-Simulator\src\main\scala\Main.scala
2020.11.11 11:16:28 WARN  no build target for: E:\Side Projects\ParticleSim\Particle-Simulator\src\main\scala\Main.scala
Nov 11, 2020 11:16:57 AM scala.meta.internal.pc.CompletionProvider expected$1
WARNING: null
2020.11.11 11:16:58 WARN  no build target for: E:\Side Projects\ParticleSim\Particle-Simulator\src\main\scala\Main.scala
Nov 11, 2020 11:20:20 AM scala.meta.internal.pc.CompilerAccess handleError
SEVERE: null
java.lang.NullPointerException
	at scala.meta.internal.pc.completions.ArgCompletions$ArgCompletion.$anonfun$baseParams$1(ArgCompletions.scala:26)
	at scala.Option.getOrElse(Option.scala:189)
	at scala.meta.internal.pc.completions.ArgCompletions$ArgCompletion.baseParams$lzycompute(ArgCompletions.scala:26)
	at scala.meta.internal.pc.completions.ArgCompletions$ArgCompletion.baseParams(ArgCompletions.scala:22)
	at scala.meta.internal.pc.completions.ArgCompletions$ArgCompletion.allParams$lzycompute(ArgCompletions.scala:40)
	at scala.meta.internal.pc.completions.ArgCompletions$ArgCompletion.allParams(ArgCompletions.scala:39)
	at scala.meta.internal.pc.completions.ArgCompletions$ArgCompletion.params$lzycompute(ArgCompletions.scala:46)
	at scala.meta.internal.pc.completions.ArgCompletions$ArgCompletion.params(ArgCompletions.scala:45)
	at scala.meta.internal.pc.completions.ArgCompletions$ArgCompletion.contribute(ArgCompletions.scala:157)
	at scala.meta.internal.pc.CompletionProvider.expected$1(CompletionProvider.scala:389)
	at scala.meta.internal.pc.CompletionProvider.safeCompletionsAt(CompletionProvider.scala:468)
	at scala.meta.internal.pc.CompletionProvider.completions(CompletionProvider.scala:57)

Nov 11, 2020 11:20:24 AM scala.meta.internal.pc.CompilerAccess handleError
SEVERE: null
java.lang.NullPointerException
	at scala.meta.internal.pc.completions.ArgCompletions$ArgCompletion.$anonfun$baseParams$1(ArgCompletions.scala:26)
	at scala.Option.getOrElse(Option.scala:189)
	at scala.meta.internal.pc.completions.ArgCompletions$ArgCompletion.baseParams$lzycompute(ArgCompletions.scala:26)
	at scala.meta.internal.pc.completions.ArgCompletions$ArgCompletion.baseParams(ArgCompletions.scala:22)
	at scala.meta.internal.pc.completions.ArgCompletions$ArgCompletion.allParams$lzycompute(ArgCompletions.scala:40)
	at scala.meta.internal.pc.completions.ArgCompletions$ArgCompletion.allParams(ArgCompletions.scala:39)
	at scala.meta.internal.pc.completions.ArgCompletions$ArgCompletion.params$lzycompute(ArgCompletions.scala:46)
	at scala.meta.internal.pc.completions.ArgCompletions$ArgCompletion.params(ArgCompletions.scala:45)
	at scala.meta.internal.pc.completions.ArgCompletions$ArgCompletion.contribute(ArgCompletions.scala:157)
	at scala.meta.internal.pc.CompletionProvider.expected$1(CompletionProvider.scala:389)
	at scala.meta.internal.pc.CompletionProvider.safeCompletionsAt(CompletionProvider.scala:468)
	at scala.meta.internal.pc.CompletionProvider.completions(CompletionProvider.scala:57)

Nov 11, 2020 11:20:25 AM scala.meta.internal.pc.CompilerAccess handleError
SEVERE: null
java.lang.NullPointerException
	at scala.meta.internal.pc.completions.ArgCompletions$ArgCompletion.$anonfun$baseParams$1(ArgCompletions.scala:26)
	at scala.Option.getOrElse(Option.scala:189)
	at scala.meta.internal.pc.completions.ArgCompletions$ArgCompletion.baseParams$lzycompute(ArgCompletions.scala:26)
	at scala.meta.internal.pc.completions.ArgCompletions$ArgCompletion.baseParams(ArgCompletions.scala:22)
	at scala.meta.internal.pc.completions.ArgCompletions$ArgCompletion.allParams$lzycompute(ArgCompletions.scala:40)
	at scala.meta.internal.pc.completions.ArgCompletions$ArgCompletion.allParams(ArgCompletions.scala:39)
	at scala.meta.internal.pc.completions.ArgCompletions$ArgCompletion.params$lzycompute(ArgCompletions.scala:46)
	at scala.meta.internal.pc.completions.ArgCompletions$ArgCompletion.params(ArgCompletions.scala:45)
	at scala.meta.internal.pc.completions.ArgCompletions$ArgCompletion.contribute(ArgCompletions.scala:157)
	at scala.meta.internal.pc.CompletionProvider.expected$1(CompletionProvider.scala:389)
	at scala.meta.internal.pc.CompletionProvider.safeCompletionsAt(CompletionProvider.scala:468)
	at scala.meta.internal.pc.CompletionProvider.completions(CompletionProvider.scala:57)

Nov 11, 2020 11:20:26 AM scala.meta.internal.pc.CompilerAccess handleError
SEVERE: null
java.lang.NullPointerException
	at scala.meta.internal.pc.completions.ArgCompletions$ArgCompletion.$anonfun$baseParams$1(ArgCompletions.scala:26)
	at scala.Option.getOrElse(Option.scala:189)
	at scala.meta.internal.pc.completions.ArgCompletions$ArgCompletion.baseParams$lzycompute(ArgCompletions.scala:26)
	at scala.meta.internal.pc.completions.ArgCompletions$ArgCompletion.baseParams(ArgCompletions.scala:22)
	at scala.meta.internal.pc.completions.ArgCompletions$ArgCompletion.allParams$lzycompute(ArgCompletions.scala:40)
	at scala.meta.internal.pc.completions.ArgCompletions$ArgCompletion.allParams(ArgCompletions.scala:39)
	at scala.meta.internal.pc.completions.ArgCompletions$ArgCompletion.params$lzycompute(ArgCompletions.scala:46)
	at scala.meta.internal.pc.completions.ArgCompletions$ArgCompletion.params(ArgCompletions.scala:45)
	at scala.meta.internal.pc.completions.ArgCompletions$ArgCompletion.contribute(ArgCompletions.scala:157)
	at scala.meta.internal.pc.CompletionProvider.expected$1(CompletionProvider.scala:389)
	at scala.meta.internal.pc.CompletionProvider.safeCompletionsAt(CompletionProvider.scala:468)
	at scala.meta.internal.pc.CompletionProvider.completions(CompletionProvider.scala:57)

2020.11.11 11:20:28 WARN  no build target for: E:\Side Projects\ParticleSim\Particle-Simulator\src\main\scala\Main.scala
2020.11.11 11:20:47 WARN  no build target for: E:\Side Projects\ParticleSim\Particle-Simulator\src\main\scala\Main.scala
2020.11.11 11:21:51 WARN  no build target for: E:\Side Projects\ParticleSim\Particle-Simulator\src\main\scala\Main.scala
2020.11.11 11:22:30 WARN  no build tool detected in workspace 'E:\Side Projects\ParticleSim\Particle-Simulator\src\main\scala'. The most common cause for this problem is that the editor was opened in the wrong working directory, for example if you use sbt then the workspace directory should contain build.sbt. 
2020.11.11 11:22:30 WARN  no build tool detected in workspace 'E:\Side Projects\ParticleSim\Particle-Simulator\src\main\scala'. The most common cause for this problem is that the editor was opened in the wrong working directory, for example if you use sbt then the workspace directory should contain build.sbt. 
2020.11.11 11:22:36 WARN  no build target for: E:\Side Projects\ParticleSim\Particle-Simulator\src\main\scala\PGravSystem.scala
2020.11.11 11:23:36 WARN  no build target for: E:\Side Projects\ParticleSim\Particle-Simulator\src\main\scala\Main.scala
2020.11.11 11:23:53 WARN  no build target for: E:\Side Projects\ParticleSim\Particle-Simulator\src\main\scala\Main.scala
2020.11.11 16:49:19 INFO  shutting down Metals
2020.11.11 16:49:47 INFO  Started: Metals version 0.9.5 in workspace 'E:\Side Projects\ParticleSim\Particle-Simulator\src\main\scala' for client vscode.
2020.11.11 16:49:48 INFO  time: initialize in 0.49s
2020.11.11 16:49:48 WARN  Build server is not auto-connectable.
2020.11.11 16:49:48 WARN  no build tool detected in workspace 'E:\Side Projects\ParticleSim\Particle-Simulator\src\main\scala'. The most common cause for this problem is that the editor was opened in the wrong working directory, for example if you use sbt then the workspace directory should contain build.sbt. 
2020.11.11 16:49:48 WARN  no build target for: E:\Side Projects\ParticleSim\Particle-Simulator\src\main\scala\PSystem.scala
2020.11.11 16:49:50 INFO  no build target: using presentation compiler with only scala-library
2020.11.11 16:50:14 INFO  shutting down Metals
